This is pdfTeX, Version 3.14159265-2.6-1.40.16 (TeX Live 2015) (preloaded format=pdflatex 2015.5.24)  25 JAN 2016 13:49
entering extended mode
 restricted \write18 enabled.
 file:line:error style messages enabled.
 %&-line parsing enabled.
**JacVas2015_SIADS.tex
(./JacVas2015_SIADS.tex
LaTeX2e <2015/01/01>
Babel <3.9l> and hyphenation patterns for 79 languages loaded.
(./siamltex1213.cls
Document Class: siamltex1213 2013/10/21 v1.0 LaTeX document e-class
(/usr/local/texlive/2015/texmf-dist/tex/latex/base/leqno.clo
File: leqno.clo 2015/03/31 v1.1i Standard LaTeX option (left equation numbers)
)
(/usr/local/texlive/2015/texmf-dist/tex/latex/base/leqno.clo
File: leqno.clo 2015/03/31 v1.1i Standard LaTeX option (left equation numbers)
) (./siam10.clo
File: siam10.clo 1994/10/01 v1.0 SIAM LaTeX file (size option)
)
\c@section=\count79
\c@subsection=\count80
\c@subsubsection=\count81
\c@paragraph=\count82
\c@subparagraph=\count83
\c@rmnum=\count84
\c@muni=\count85
\c@theorem=\count86
\c@figure=\count87
\c@table=\count88
\abovecaptionskip=\skip41
\belowcaptionskip=\skip42
\bibindent=\dimen102

(/usr/local/texlive/2015/texmf-dist/tex/latex/graphics/color.sty
Package: color 2014/10/28 v1.1a Standard LaTeX Color (DPC)

(/usr/local/texlive/2015/texmf-dist/tex/latex/latexconfig/color.cfg
File: color.cfg 2007/01/18 v1.5 color configuration of teTeX/TeXLive
)
Package color Info: Driver file: dvips.def on input line 142.

(/usr/local/texlive/2015/texmf-dist/tex/latex/graphics/dvips.def
File: dvips.def 2014/10/14 v3.0j Driver-dependent file (DPC,SPQR)
)
(/usr/local/texlive/2015/texmf-dist/tex/latex/graphics/dvipsnam.def
File: dvipsnam.def 2014/10/14 v3.0j Driver-dependent file (DPC,SPQR)
))
(/usr/local/texlive/2015/texmf-dist/tex/latex/graphics/graphics.sty
Package: graphics 2014/10/28 v1.0p Standard LaTeX Graphics (DPC,SPQR)

(/usr/local/texlive/2015/texmf-dist/tex/latex/graphics/trig.sty
Package: trig 1999/03/16 v1.09 sin cos tan (DPC)
)
(/usr/local/texlive/2015/texmf-dist/tex/latex/latexconfig/graphics.cfg
File: graphics.cfg 2010/04/23 v1.9 graphics configuration of TeX Live
)
Package graphics Info: Driver file: dvips.def on input line 94.
)
(/usr/local/texlive/2015/texmf-dist/tex/latex/graphics/graphicx.sty
Package: graphicx 2014/10/28 v1.0g Enhanced LaTeX Graphics (DPC,SPQR)

(/usr/local/texlive/2015/texmf-dist/tex/latex/graphics/keyval.sty
Package: keyval 2014/10/28 v1.15 key=value parser (DPC)
\KV@toks@=\toks14
)
\Gin@req@height=\dimen103
\Gin@req@width=\dimen104
)
(/usr/local/texlive/2015/texmf-dist/tex/latex/hyperref/hyperref.sty
Package: hyperref 2012/11/06 v6.83m Hypertext links for LaTeX

(/usr/local/texlive/2015/texmf-dist/tex/generic/oberdiek/hobsub-hyperref.sty
Package: hobsub-hyperref 2012/05/28 v1.13 Bundle oberdiek, subset hyperref (HO)


(/usr/local/texlive/2015/texmf-dist/tex/generic/oberdiek/hobsub-generic.sty
Package: hobsub-generic 2012/05/28 v1.13 Bundle oberdiek, subset generic (HO)
Package: hobsub 2012/05/28 v1.13 Construct package bundles (HO)
Package: infwarerr 2010/04/08 v1.3 Providing info/warning/error messages (HO)
Package: ltxcmds 2011/11/09 v1.22 LaTeX kernel commands for general use (HO)
Package: ifluatex 2010/03/01 v1.3 Provides the ifluatex switch (HO)
Package ifluatex Info: LuaTeX not detected.
Package: ifvtex 2010/03/01 v1.5 Detect VTeX and its facilities (HO)
Package ifvtex Info: VTeX not detected.
Package: intcalc 2007/09/27 v1.1 Expandable calculations with integers (HO)
Package: ifpdf 2011/01/30 v2.3 Provides the ifpdf switch (HO)
Package ifpdf Info: pdfTeX in PDF mode is detected.
Package: etexcmds 2011/02/16 v1.5 Avoid name clashes with e-TeX commands (HO)
Package etexcmds Info: Could not find \expanded.
(etexcmds)             That can mean that you are not using pdfTeX 1.50 or
(etexcmds)             that some package has redefined \expanded.
(etexcmds)             In the latter case, load this package earlier.
Package: kvsetkeys 2012/04/25 v1.16 Key value parser (HO)
Package: kvdefinekeys 2011/04/07 v1.3 Define keys (HO)
Package: pdftexcmds 2011/11/29 v0.20 Utility functions of pdfTeX for LuaTeX (HO
)
Package pdftexcmds Info: LuaTeX not detected.
Package pdftexcmds Info: \pdf@primitive is available.
Package pdftexcmds Info: \pdf@ifprimitive is available.
Package pdftexcmds Info: \pdfdraftmode found.
Package: pdfescape 2011/11/25 v1.13 Implements pdfTeX's escape features (HO)
Package: bigintcalc 2012/04/08 v1.3 Expandable calculations on big integers (HO
)
Package: bitset 2011/01/30 v1.1 Handle bit-vector datatype (HO)
Package: uniquecounter 2011/01/30 v1.2 Provide unlimited unique counter (HO)
)
Package hobsub Info: Skipping package `hobsub' (already loaded).
Package: letltxmacro 2010/09/02 v1.4 Let assignment for LaTeX macros (HO)
Package: hopatch 2012/05/28 v1.2 Wrapper for package hooks (HO)
Package: xcolor-patch 2011/01/30 xcolor patch
Package: atveryend 2011/06/30 v1.8 Hooks at the very end of document (HO)
Package atveryend Info: \enddocument detected (standard20110627).
Package: atbegshi 2011/10/05 v1.16 At begin shipout hook (HO)
Package: refcount 2011/10/16 v3.4 Data extraction from label references (HO)
Package: hycolor 2011/01/30 v1.7 Color options for hyperref/bookmark (HO)
)
(/usr/local/texlive/2015/texmf-dist/tex/generic/ifxetex/ifxetex.sty
Package: ifxetex 2010/09/12 v0.6 Provides ifxetex conditional
)
(/usr/local/texlive/2015/texmf-dist/tex/latex/oberdiek/auxhook.sty
Package: auxhook 2011/03/04 v1.3 Hooks for auxiliary files (HO)
)
(/usr/local/texlive/2015/texmf-dist/tex/latex/oberdiek/kvoptions.sty
Package: kvoptions 2011/06/30 v3.11 Key value format for package options (HO)
)
\@linkdim=\dimen105
\Hy@linkcounter=\count89
\Hy@pagecounter=\count90

(/usr/local/texlive/2015/texmf-dist/tex/latex/hyperref/pd1enc.def
File: pd1enc.def 2012/11/06 v6.83m Hyperref: PDFDocEncoding definition (HO)
)
\Hy@SavedSpaceFactor=\count91

(/usr/local/texlive/2015/texmf-dist/tex/latex/latexconfig/hyperref.cfg
File: hyperref.cfg 2002/06/06 v1.2 hyperref configuration of TeXLive
)
Package hyperref Info: Option `final' set `true' on input line 4319.
Package hyperref Info: Option `colorlinks' set `true' on input line 4319.


/usr/local/texlive/2015/texmf-dist/tex/latex/hyperref/hyperref.sty:4319: Packag
e hyperref Error: Wrong DVI mode driver option `pdfmark',
(hyperref)                because pdfTeX or LuaTeX is running in PDF mode.

See the hyperref package documentation for explanation.
Type  H <return>  for immediate help.
 ...                                              
                                                  
l.4319 \ProcessKeyvalOptions{Hyp}
                                 
? 

/usr/local/texlive/2015/texmf-dist/tex/latex/hyperref/hyperref.sty:4319: Packag
e hyperref Error: Wrong DVI mode driver option `dvips',
(hyperref)                because pdfTeX or LuaTeX is running in PDF mode.

See the hyperref package documentation for explanation.
Type  H <return>  for immediate help.
 ...                                              
                                                  
l.4319 \ProcessKeyvalOptions{Hyp}
                                 
? 
Package hyperref Info: Hyper figures OFF on input line 4443.
Package hyperref Info: Link nesting OFF on input line 4448.
Package hyperref Info: Hyper index ON on input line 4451.
Package hyperref Info: Plain pages OFF on input line 4458.
Package hyperref Info: Backreferencing OFF on input line 4463.
Package hyperref Info: Implicit mode ON; LaTeX internals redefined.
Package hyperref Info: Bookmarks ON on input line 4688.
\c@Hy@tempcnt=\count92
(/usr/local/texlive/2015/texmf-dist/tex/latex/url/url.sty
\Urlmuskip=\muskip10
Package: url 2013/09/16  ver 3.4  Verb mode for urls, etc.
)
LaTeX Info: Redefining \url on input line 5041.
\XeTeXLinkMargin=\dimen106
\Fld@menulength=\count93
\Field@Width=\dimen107
\Fld@charsize=\dimen108
Package hyperref Info: Hyper figures OFF on input line 6295.
Package hyperref Info: Link nesting OFF on input line 6300.
Package hyperref Info: Hyper index ON on input line 6303.
Package hyperref Info: backreferencing OFF on input line 6310.
Package hyperref Info: Link coloring ON on input line 6313.
Package hyperref Info: Link coloring with OCG OFF on input line 6320.
Package hyperref Info: PDF/A mode OFF on input line 6325.
LaTeX Info: Redefining \ref on input line 6365.
LaTeX Info: Redefining \pageref on input line 6369.
\Hy@abspage=\count94
\c@Item=\count95
\c@Hfootnote=\count96
)

Package hyperref Message: Driver (autodetected): hpdftex.

(/usr/local/texlive/2015/texmf-dist/tex/latex/hyperref/hpdftex.def
File: hpdftex.def 2012/11/06 v6.83m Hyperref driver for pdfTeX
\Fld@listcount=\count97
\c@bookmark@seq@number=\count98

(/usr/local/texlive/2015/texmf-dist/tex/latex/oberdiek/rerunfilecheck.sty
Package: rerunfilecheck 2011/04/15 v1.7 Rerun checks for auxiliary files (HO)
Package uniquecounter Info: New unique counter `rerunfilecheck' on input line 2
82.
)
\Hy@SectionHShift=\skip43
))
(/usr/local/texlive/2015/texmf-dist/tex/latex/amsmath/amsmath.sty
Package: amsmath 2013/01/14 v2.14 AMS math features
\@mathmargin=\skip44

For additional information on amsmath, use the `?' option.
(/usr/local/texlive/2015/texmf-dist/tex/latex/amsmath/amstext.sty
Package: amstext 2000/06/29 v2.01

(/usr/local/texlive/2015/texmf-dist/tex/latex/amsmath/amsgen.sty
File: amsgen.sty 1999/11/30 v2.0
\@emptytoks=\toks15
\ex@=\dimen109
))
(/usr/local/texlive/2015/texmf-dist/tex/latex/amsmath/amsbsy.sty
Package: amsbsy 1999/11/29 v1.2d
\pmbraise@=\dimen110
)
(/usr/local/texlive/2015/texmf-dist/tex/latex/amsmath/amsopn.sty
Package: amsopn 1999/12/14 v2.01 operator names
)
\inf@bad=\count99
LaTeX Info: Redefining \frac on input line 210.
\uproot@=\count100
\leftroot@=\count101
LaTeX Info: Redefining \overline on input line 306.
\classnum@=\count102
\DOTSCASE@=\count103
LaTeX Info: Redefining \ldots on input line 378.
LaTeX Info: Redefining \dots on input line 381.
LaTeX Info: Redefining \cdots on input line 466.
\Mathstrutbox@=\box26
\strutbox@=\box27
\big@size=\dimen111
LaTeX Font Info:    Redeclaring font encoding OML on input line 566.
LaTeX Font Info:    Redeclaring font encoding OMS on input line 567.
\macc@depth=\count104
\c@MaxMatrixCols=\count105
\dotsspace@=\muskip11
\c@parentequation=\count106
\dspbrk@lvl=\count107
\tag@help=\toks16
\row@=\count108
\column@=\count109
\maxfields@=\count110
\andhelp@=\toks17
\eqnshift@=\dimen112
\alignsep@=\dimen113
\tagshift@=\dimen114
\tagwidth@=\dimen115
\totwidth@=\dimen116
\lineht@=\dimen117
\@envbody=\toks18
\multlinegap=\skip45
\multlinetaggap=\skip46
\mathdisplay@stack=\toks19
LaTeX Info: Redefining \[ on input line 2665.
LaTeX Info: Redefining \] on input line 2666.
)
(/usr/local/texlive/2015/texmf-dist/tex/latex/amsfonts/amssymb.sty
Package: amssymb 2013/01/14 v3.01 AMS font symbols

(/usr/local/texlive/2015/texmf-dist/tex/latex/amsfonts/amsfonts.sty
Package: amsfonts 2013/01/14 v3.01 Basic AMSFonts support
\symAMSa=\mathgroup4
\symAMSb=\mathgroup5
LaTeX Font Info:    Overwriting math alphabet `\mathfrak' in version `bold'
(Font)                  U/euf/m/n --> U/euf/b/n on input line 106.
))
(/usr/local/texlive/2015/texmf-dist/tex/latex/caption/caption.sty
Package: caption 2013/05/02 v3.3-89 Customizing captions (AR)

(/usr/local/texlive/2015/texmf-dist/tex/latex/caption/caption3.sty
Package: caption3 2013/05/02 v1.6-88 caption3 kernel (AR)
Package caption3 Info: TeX engine: e-TeX on input line 57.
\captionmargin=\dimen118
\captionmargin@=\dimen119
\captionwidth=\dimen120
\caption@tempdima=\dimen121
\caption@indent=\dimen122
\caption@parindent=\dimen123
\caption@hangindent=\dimen124
Package caption Info: Unknown document class (or package),
(caption)             standard defaults will be used.
)

Package caption Warning: Unsupported document class (or package) detected,
(caption)                usage of the caption package is not recommended.
See the caption package documentation for explanation.

Package caption Info: \@makecaption = \long macro:#1#2->\footnotesize \setlengt
h {\parindent }{1.5pc} \ifx \@captype \@figtxt \vskip \abovecaptionskip \setbox
 \@tempboxa \hbox {{\normalfont \scshape #1}. {\normalfont \itshape #2}}\ifdim 
\wd \@tempboxa >\hsize {\normalfont \scshape #1}. {\normalfont \itshape #2}\par
 \else \global \@minipagefalse \hb@xt@ \hsize {\hfil \box \@tempboxa \hfil }\fi
 \else \hbox to\hsize {\hfil {\normalfont \scshape #1}\hfil }\setbox \@tempboxa
 \hbox {{\normalfont \itshape #2}}\ifdim \wd \@tempboxa >\hsize {\normalfont \i
tshape #2}\par \else \global \@minipagefalse \hb@xt@ \hsize {\hfil \box \@tempb
oxa \hfil }\fi \vskip \belowcaptionskip \fi .
\c@ContinuedFloat=\count111
Package caption Info: hyperref package is loaded.
) (/usr/local/texlive/2015/texmf-dist/tex/latex/caption/subcaption.sty
Package: subcaption 2013/02/03 v1.1-62 Sub-captions (AR)
\c@subfigure=\count112
\c@subtable=\count113
)
(/usr/local/texlive/2015/texmf-dist/tex/latex/tensor/tensor.sty
Package: tensor 2004/12/20 v2.1 tensor indices package (PGR)
\tnsr@Sps=\toks20
\tnsr@Sbs=\toks21
\tnsr@Spe=\toks22
\tnsr@Sbe=\toks23
\ncld@Mno=\toks24
)
(/usr/local/texlive/2015/texmf-dist/tex/latex/algorithm2e/algorithm2e.sty
Package: algorithm2e 2013/01/06 v5.00 algorithms environments
\c@AlgoLine=\count114

(/usr/local/texlive/2015/texmf-dist/tex/latex/base/ifthen.sty
Package: ifthen 2014/09/29 v1.1c Standard LaTeX ifthen package (DPC)
)
(/usr/local/texlive/2015/texmf-dist/tex/latex/tools/xspace.sty
Package: xspace 2014/10/28 v1.13 Space after command names (DPC,MH)
)
(/usr/local/texlive/2015/texmf-dist/tex/latex/relsize/relsize.sty
Package: relsize 2013/03/29 ver 4.1
)
********************************************************
Package `algorithm2e' Release 5.0 -- january 06 2013 --
- algorithm2e-announce@lirmm.fr mailing list for announcement about releases
- algorithm2e-discussion@lirmm.fr mailing list for discussion about package
subscribe by emailing sympa@lirmm.fr with 'subscribe <list> <firstname name>'
- Author: Christophe Fiorio (cfiorio@um2.fr)
********************************************************
\skiptotal=\skip47
\skiplinenumber=\skip48
\skiprule=\skip49
\skiphlne=\skip50
\skiptext=\skip51
\skiplength=\skip52
\algomargin=\skip53
\skipalgocfslide=\skip54
\algowidth=\dimen125
\inoutsize=\dimen126
\inoutindent=\dimen127
\interspacetitleruled=\dimen128
\interspacealgoruled=\dimen129
\interspacetitleboxruled=\dimen130
\algocf@inoutbox=\box28
\algocf@inputbox=\box29
\AlCapSkip=\skip55
\AlCapHSkip=\skip56
\algoskipindent=\skip57
\algocf@nlbox=\box30
\algocf@hangingbox=\box31
\algocf@untilbox=\box32
\algocf@skipuntil=\skip58
\algocf@capbox=\box33
\algoheightruledefault=\skip59
\algoheightrule=\skip60
\algotitleheightruledefault=\skip61
\algotitleheightrule=\skip62
\c@algocfline=\count115
\c@algocfproc=\count116
\c@algocf=\count117
\algocf@algoframe=\box34
\algocf@algobox=\box35
) (/usr/local/texlive/2015/texmf-dist/tex/latex/todonotes/todonotes.sty
Package: todonotes 2012/07/25 .dtx Todonotes source and documentation.
Package: todonotes 2012/07/25

(/usr/local/texlive/2015/texmf-dist/tex/latex/xkeyval/xkeyval.sty
Package: xkeyval 2014/12/03 v2.7a package option processing (HA)

(/usr/local/texlive/2015/texmf-dist/tex/generic/xkeyval/xkeyval.tex
(/usr/local/texlive/2015/texmf-dist/tex/generic/xkeyval/xkvutils.tex
\XKV@toks=\toks25
\XKV@tempa@toks=\toks26
)
\XKV@depth=\count118
File: xkeyval.tex 2014/12/03 v2.7a key=value parser (HA)
))
(/usr/local/texlive/2015/texmf-dist/tex/latex/xcolor/xcolor.sty
Package: xcolor 2007/01/21 v2.11 LaTeX color extensions (UK)

(/usr/local/texlive/2015/texmf-dist/tex/latex/latexconfig/color.cfg
File: color.cfg 2007/01/18 v1.5 color configuration of teTeX/TeXLive
)
Package xcolor Info: Driver file: pdftex.def on input line 225.

(/usr/local/texlive/2015/texmf-dist/tex/latex/pdftex-def/pdftex.def
File: pdftex.def 2011/05/27 v0.06d Graphics/color for pdfTeX
\Gread@gobject=\count119
)
LaTeX Info: Redefining \color on input line 702.
Package xcolor Info: Model `cmy' substituted by `cmy0' on input line 1337.
Package xcolor Info: Model `RGB' extended on input line 1353.
Package xcolor Info: Model `HTML' substituted by `rgb' on input line 1355.
Package xcolor Info: Model `Hsb' substituted by `hsb' on input line 1356.
Package xcolor Info: Model `tHsb' substituted by `hsb' on input line 1357.
Package xcolor Info: Model `HSB' substituted by `hsb' on input line 1358.
Package xcolor Info: Model `Gray' substituted by `gray' on input line 1359.
Package xcolor Info: Model `wave' substituted by `hsb' on input line 1360.
)
(/usr/local/texlive/2015/texmf-dist/tex/latex/pgf/frontendlayer/tikz.sty
(/usr/local/texlive/2015/texmf-dist/tex/latex/pgf/basiclayer/pgf.sty
(/usr/local/texlive/2015/texmf-dist/tex/latex/pgf/utilities/pgfrcs.sty
(/usr/local/texlive/2015/texmf-dist/tex/generic/pgf/utilities/pgfutil-common.te
x
\pgfutil@everybye=\toks27
\pgfutil@tempdima=\dimen131
\pgfutil@tempdimb=\dimen132

(/usr/local/texlive/2015/texmf-dist/tex/generic/pgf/utilities/pgfutil-common-li
sts.tex))
(/usr/local/texlive/2015/texmf-dist/tex/generic/pgf/utilities/pgfutil-latex.def
\pgfutil@abb=\box36
(/usr/local/texlive/2015/texmf-dist/tex/latex/ms/everyshi.sty
Package: everyshi 2001/05/15 v3.00 EveryShipout Package (MS)
))
(/usr/local/texlive/2015/texmf-dist/tex/generic/pgf/utilities/pgfrcs.code.tex
Package: pgfrcs 2013/12/20 v3.0.0 (rcs-revision 1.28)
))
Package: pgf 2013/12/18 v3.0.0 (rcs-revision 1.14)
(/usr/local/texlive/2015/texmf-dist/tex/latex/pgf/basiclayer/pgfcore.sty
(/usr/local/texlive/2015/texmf-dist/tex/latex/pgf/systemlayer/pgfsys.sty
(/usr/local/texlive/2015/texmf-dist/tex/generic/pgf/systemlayer/pgfsys.code.tex
Package: pgfsys 2013/11/30 v3.0.0 (rcs-revision 1.47)
(/usr/local/texlive/2015/texmf-dist/tex/generic/pgf/utilities/pgfkeys.code.tex
\pgfkeys@pathtoks=\toks28
\pgfkeys@temptoks=\toks29

(/usr/local/texlive/2015/texmf-dist/tex/generic/pgf/utilities/pgfkeysfiltered.c
ode.tex
\pgfkeys@tmptoks=\toks30
))
\pgf@x=\dimen133
\pgf@y=\dimen134
\pgf@xa=\dimen135
\pgf@ya=\dimen136
\pgf@xb=\dimen137
\pgf@yb=\dimen138
\pgf@xc=\dimen139
\pgf@yc=\dimen140
\w@pgf@writea=\write3
\r@pgf@reada=\read1
\c@pgf@counta=\count120
\c@pgf@countb=\count121
\c@pgf@countc=\count122
\c@pgf@countd=\count123
\t@pgf@toka=\toks31
\t@pgf@tokb=\toks32
\t@pgf@tokc=\toks33

(/usr/local/texlive/2015/texmf-dist/tex/generic/pgf/systemlayer/pgf.cfg
File: pgf.cfg 2008/05/14  (rcs-revision 1.7)
)
Driver file for pgf: pgfsys-pdftex.def

(/usr/local/texlive/2015/texmf-dist/tex/generic/pgf/systemlayer/pgfsys-pdftex.d
ef
File: pgfsys-pdftex.def 2013/07/18  (rcs-revision 1.33)

(/usr/local/texlive/2015/texmf-dist/tex/generic/pgf/systemlayer/pgfsys-common-p
df.def
File: pgfsys-common-pdf.def 2013/10/10  (rcs-revision 1.13)
)))
(/usr/local/texlive/2015/texmf-dist/tex/generic/pgf/systemlayer/pgfsyssoftpath.
code.tex
File: pgfsyssoftpath.code.tex 2013/09/09  (rcs-revision 1.9)
\pgfsyssoftpath@smallbuffer@items=\count124
\pgfsyssoftpath@bigbuffer@items=\count125
)
(/usr/local/texlive/2015/texmf-dist/tex/generic/pgf/systemlayer/pgfsysprotocol.
code.tex
File: pgfsysprotocol.code.tex 2006/10/16  (rcs-revision 1.4)
))
(/usr/local/texlive/2015/texmf-dist/tex/generic/pgf/basiclayer/pgfcore.code.tex
Package: pgfcore 2010/04/11 v3.0.0 (rcs-revision 1.7)
(/usr/local/texlive/2015/texmf-dist/tex/generic/pgf/math/pgfmath.code.tex
(/usr/local/texlive/2015/texmf-dist/tex/generic/pgf/math/pgfmathcalc.code.tex
(/usr/local/texlive/2015/texmf-dist/tex/generic/pgf/math/pgfmathutil.code.tex)
(/usr/local/texlive/2015/texmf-dist/tex/generic/pgf/math/pgfmathparser.code.tex
\pgfmath@dimen=\dimen141
\pgfmath@count=\count126
\pgfmath@box=\box37
\pgfmath@toks=\toks34
\pgfmath@stack@operand=\toks35
\pgfmath@stack@operation=\toks36
)
(/usr/local/texlive/2015/texmf-dist/tex/generic/pgf/math/pgfmathfunctions.code.
tex
(/usr/local/texlive/2015/texmf-dist/tex/generic/pgf/math/pgfmathfunctions.basic
.code.tex)
(/usr/local/texlive/2015/texmf-dist/tex/generic/pgf/math/pgfmathfunctions.trigo
nometric.code.tex)
(/usr/local/texlive/2015/texmf-dist/tex/generic/pgf/math/pgfmathfunctions.rando
m.code.tex)
(/usr/local/texlive/2015/texmf-dist/tex/generic/pgf/math/pgfmathfunctions.compa
rison.code.tex)
(/usr/local/texlive/2015/texmf-dist/tex/generic/pgf/math/pgfmathfunctions.base.
code.tex)
(/usr/local/texlive/2015/texmf-dist/tex/generic/pgf/math/pgfmathfunctions.round
.code.tex)
(/usr/local/texlive/2015/texmf-dist/tex/generic/pgf/math/pgfmathfunctions.misc.
code.tex)
(/usr/local/texlive/2015/texmf-dist/tex/generic/pgf/math/pgfmathfunctions.integ
erarithmetics.code.tex)))
(/usr/local/texlive/2015/texmf-dist/tex/generic/pgf/math/pgfmathfloat.code.tex
\c@pgfmathroundto@lastzeros=\count127
))
(/usr/local/texlive/2015/texmf-dist/tex/generic/pgf/basiclayer/pgfcorepoints.co
de.tex
File: pgfcorepoints.code.tex 2013/10/07  (rcs-revision 1.27)
\pgf@picminx=\dimen142
\pgf@picmaxx=\dimen143
\pgf@picminy=\dimen144
\pgf@picmaxy=\dimen145
\pgf@pathminx=\dimen146
\pgf@pathmaxx=\dimen147
\pgf@pathminy=\dimen148
\pgf@pathmaxy=\dimen149
\pgf@xx=\dimen150
\pgf@xy=\dimen151
\pgf@yx=\dimen152
\pgf@yy=\dimen153
\pgf@zx=\dimen154
\pgf@zy=\dimen155
)
(/usr/local/texlive/2015/texmf-dist/tex/generic/pgf/basiclayer/pgfcorepathconst
ruct.code.tex
File: pgfcorepathconstruct.code.tex 2013/10/07  (rcs-revision 1.29)
\pgf@path@lastx=\dimen156
\pgf@path@lasty=\dimen157
)
(/usr/local/texlive/2015/texmf-dist/tex/generic/pgf/basiclayer/pgfcorepathusage
.code.tex
File: pgfcorepathusage.code.tex 2013/12/13  (rcs-revision 1.23)
\pgf@shorten@end@additional=\dimen158
\pgf@shorten@start@additional=\dimen159
)
(/usr/local/texlive/2015/texmf-dist/tex/generic/pgf/basiclayer/pgfcorescopes.co
de.tex
File: pgfcorescopes.code.tex 2013/10/09  (rcs-revision 1.44)
\pgfpic=\box38
\pgf@hbox=\box39
\pgf@layerbox@main=\box40
\pgf@picture@serial@count=\count128
)
(/usr/local/texlive/2015/texmf-dist/tex/generic/pgf/basiclayer/pgfcoregraphicst
ate.code.tex
File: pgfcoregraphicstate.code.tex 2013/09/19  (rcs-revision 1.11)
\pgflinewidth=\dimen160
)
(/usr/local/texlive/2015/texmf-dist/tex/generic/pgf/basiclayer/pgfcoretransform
ations.code.tex
File: pgfcoretransformations.code.tex 2013/10/10  (rcs-revision 1.17)
\pgf@pt@x=\dimen161
\pgf@pt@y=\dimen162
\pgf@pt@temp=\dimen163
)
(/usr/local/texlive/2015/texmf-dist/tex/generic/pgf/basiclayer/pgfcorequick.cod
e.tex
File: pgfcorequick.code.tex 2008/10/09  (rcs-revision 1.3)
)
(/usr/local/texlive/2015/texmf-dist/tex/generic/pgf/basiclayer/pgfcoreobjects.c
ode.tex
File: pgfcoreobjects.code.tex 2006/10/11  (rcs-revision 1.2)
)
(/usr/local/texlive/2015/texmf-dist/tex/generic/pgf/basiclayer/pgfcorepathproce
ssing.code.tex
File: pgfcorepathprocessing.code.tex 2013/09/09  (rcs-revision 1.9)
)
(/usr/local/texlive/2015/texmf-dist/tex/generic/pgf/basiclayer/pgfcorearrows.co
de.tex
File: pgfcorearrows.code.tex 2013/11/07  (rcs-revision 1.40)
\pgfarrowsep=\dimen164
)
(/usr/local/texlive/2015/texmf-dist/tex/generic/pgf/basiclayer/pgfcoreshade.cod
e.tex
File: pgfcoreshade.code.tex 2013/07/15  (rcs-revision 1.15)
\pgf@max=\dimen165
\pgf@sys@shading@range@num=\count129
)
(/usr/local/texlive/2015/texmf-dist/tex/generic/pgf/basiclayer/pgfcoreimage.cod
e.tex
File: pgfcoreimage.code.tex 2013/07/15  (rcs-revision 1.18)

(/usr/local/texlive/2015/texmf-dist/tex/generic/pgf/basiclayer/pgfcoreexternal.
code.tex
File: pgfcoreexternal.code.tex 2013/07/15  (rcs-revision 1.20)
\pgfexternal@startupbox=\box41
))
(/usr/local/texlive/2015/texmf-dist/tex/generic/pgf/basiclayer/pgfcorelayers.co
de.tex
File: pgfcorelayers.code.tex 2013/07/18  (rcs-revision 1.7)
)
(/usr/local/texlive/2015/texmf-dist/tex/generic/pgf/basiclayer/pgfcoretranspare
ncy.code.tex
File: pgfcoretransparency.code.tex 2013/09/30  (rcs-revision 1.5)
)
(/usr/local/texlive/2015/texmf-dist/tex/generic/pgf/basiclayer/pgfcorepatterns.
code.tex
File: pgfcorepatterns.code.tex 2013/11/07  (rcs-revision 1.5)
)))
(/usr/local/texlive/2015/texmf-dist/tex/generic/pgf/modules/pgfmoduleshapes.cod
e.tex
File: pgfmoduleshapes.code.tex 2013/10/31  (rcs-revision 1.34)
\pgfnodeparttextbox=\box42
)
(/usr/local/texlive/2015/texmf-dist/tex/generic/pgf/modules/pgfmoduleplot.code.
tex
File: pgfmoduleplot.code.tex 2013/07/31  (rcs-revision 1.12)
)
(/usr/local/texlive/2015/texmf-dist/tex/latex/pgf/compatibility/pgfcomp-version
-0-65.sty
Package: pgfcomp-version-0-65 2007/07/03 v3.0.0 (rcs-revision 1.7)
\pgf@nodesepstart=\dimen166
\pgf@nodesepend=\dimen167
)
(/usr/local/texlive/2015/texmf-dist/tex/latex/pgf/compatibility/pgfcomp-version
-1-18.sty
Package: pgfcomp-version-1-18 2007/07/23 v3.0.0 (rcs-revision 1.1)
))
(/usr/local/texlive/2015/texmf-dist/tex/latex/pgf/utilities/pgffor.sty
(/usr/local/texlive/2015/texmf-dist/tex/latex/pgf/utilities/pgfkeys.sty
(/usr/local/texlive/2015/texmf-dist/tex/generic/pgf/utilities/pgfkeys.code.tex)
) (/usr/local/texlive/2015/texmf-dist/tex/latex/pgf/math/pgfmath.sty
(/usr/local/texlive/2015/texmf-dist/tex/generic/pgf/math/pgfmath.code.tex))
(/usr/local/texlive/2015/texmf-dist/tex/generic/pgf/utilities/pgffor.code.tex
Package: pgffor 2013/12/13 v3.0.0 (rcs-revision 1.25)

(/usr/local/texlive/2015/texmf-dist/tex/generic/pgf/math/pgfmath.code.tex)
\pgffor@iter=\dimen168
\pgffor@skip=\dimen169
\pgffor@stack=\toks37
\pgffor@toks=\toks38
))
(/usr/local/texlive/2015/texmf-dist/tex/generic/pgf/frontendlayer/tikz/tikz.cod
e.tex
Package: tikz 2013/12/13 v3.0.0 (rcs-revision 1.142)

(/usr/local/texlive/2015/texmf-dist/tex/generic/pgf/libraries/pgflibraryplothan
dlers.code.tex
File: pgflibraryplothandlers.code.tex 2013/08/31 v3.0.0 (rcs-revision 1.20)
\pgf@plot@mark@count=\count130
\pgfplotmarksize=\dimen170
)
\tikz@lastx=\dimen171
\tikz@lasty=\dimen172
\tikz@lastxsaved=\dimen173
\tikz@lastysaved=\dimen174
\tikzleveldistance=\dimen175
\tikzsiblingdistance=\dimen176
\tikz@figbox=\box43
\tikz@figbox@bg=\box44
\tikz@tempbox=\box45
\tikz@tempbox@bg=\box46
\tikztreelevel=\count131
\tikznumberofchildren=\count132
\tikznumberofcurrentchild=\count133
\tikz@fig@count=\count134

(/usr/local/texlive/2015/texmf-dist/tex/generic/pgf/modules/pgfmodulematrix.cod
e.tex
File: pgfmodulematrix.code.tex 2013/09/17  (rcs-revision 1.8)
\pgfmatrixcurrentrow=\count135
\pgfmatrixcurrentcolumn=\count136
\pgf@matrix@numberofcolumns=\count137
)
\tikz@expandcount=\count138

(/usr/local/texlive/2015/texmf-dist/tex/generic/pgf/frontendlayer/tikz/librarie
s/tikzlibrarytopaths.code.tex
File: tikzlibrarytopaths.code.tex 2008/06/17 v3.0.0 (rcs-revision 1.2)
)))
(/usr/local/texlive/2015/texmf-dist/tex/generic/pgf/frontendlayer/tikz/librarie
s/tikzlibrarypositioning.code.tex
File: tikzlibrarypositioning.code.tex 2008/10/06 v3.0.0 (rcs-revision 1.7)
)
(/usr/local/texlive/2015/texmf-dist/tex/latex/tools/calc.sty
Package: calc 2014/10/28 v4.3 Infix arithmetic (KKT,FJ)
\calc@Acount=\count139
\calc@Bcount=\count140
\calc@Adimen=\dimen177
\calc@Bdimen=\dimen178
\calc@Askip=\skip63
\calc@Bskip=\skip64
LaTeX Info: Redefining \setlength on input line 80.
LaTeX Info: Redefining \addtolength on input line 81.
\calc@Ccount=\count141
\calc@Cskip=\skip65
)
\c@@todonotes@numberoftodonotes=\count142
)
(./JacVas2015_SIADS.aux)
\openout1 = `JacVas2015_SIADS.aux'.

LaTeX Font Info:    Checking defaults for OML/cmm/m/it on input line 40.
LaTeX Font Info:    ... okay on input line 40.
LaTeX Font Info:    Checking defaults for T1/cmr/m/n on input line 40.
LaTeX Font Info:    ... okay on input line 40.
LaTeX Font Info:    Checking defaults for OT1/cmr/m/n on input line 40.
LaTeX Font Info:    ... okay on input line 40.
LaTeX Font Info:    Checking defaults for OMS/cmsy/m/n on input line 40.
LaTeX Font Info:    ... okay on input line 40.
LaTeX Font Info:    Checking defaults for OMX/cmex/m/n on input line 40.
LaTeX Font Info:    ... okay on input line 40.
LaTeX Font Info:    Checking defaults for U/cmr/m/n on input line 40.
LaTeX Font Info:    ... okay on input line 40.
LaTeX Font Info:    Checking defaults for PD1/pdf/m/n on input line 40.
LaTeX Font Info:    ... okay on input line 40.

(/usr/local/texlive/2015/texmf-dist/tex/latex/oberdiek/epstopdf-base.sty
Package: epstopdf-base 2010/02/09 v2.5 Base part for package epstopdf

(/usr/local/texlive/2015/texmf-dist/tex/latex/oberdiek/grfext.sty
Package: grfext 2010/08/19 v1.1 Manage graphics extensions (HO)
)
Package epstopdf-base Info: Redefining graphics rule for `.eps' on input line 4
34.
Package grfext Info: Graphics extension search list:
(grfext)             [.png,.pdf,.jpg,.mps,.jpeg,.jbig2,.jb2,.PNG,.PDF,.JPG,.JPE
G,.JBIG2,.JB2,.eps]
(grfext)             \AppendGraphicsExtensions on input line 452.

(/usr/local/texlive/2015/texmf-dist/tex/latex/latexconfig/epstopdf-sys.cfg
File: epstopdf-sys.cfg 2010/07/13 v1.3 Configuration of (r)epstopdf for TeX Liv
e
))
\AtBeginShipoutBox=\box47
Package hyperref Info: Link coloring ON on input line 40.

(/usr/local/texlive/2015/texmf-dist/tex/latex/hyperref/nameref.sty
Package: nameref 2012/10/27 v2.43 Cross-referencing by name of section

(/usr/local/texlive/2015/texmf-dist/tex/generic/oberdiek/gettitlestring.sty
Package: gettitlestring 2010/12/03 v1.4 Cleanup title references (HO)
)
\c@section@level=\count143
)
LaTeX Info: Redefining \ref on input line 40.
LaTeX Info: Redefining \pageref on input line 40.
LaTeX Info: Redefining \nameref on input line 40.

(./JacVas2015_SIADS.out) (./JacVas2015_SIADS.out)
\@outlinefile=\write4
\openout4 = `JacVas2015_SIADS.out'.

Package caption Info: Begin \AtBeginDocument code.
Package caption Info: End \AtBeginDocument code.

(/usr/local/texlive/2015/texmf-dist/tex/context/base/supp-pdf.mkii
[Loading MPS to PDF converter (version 2006.09.02).]
\scratchcounter=\count144
\scratchdimen=\dimen179
\scratchbox=\box48
\nofMPsegments=\count145
\nofMParguments=\count146
\everyMPshowfont=\toks39
\MPscratchCnt=\count147
\MPscratchDim=\dimen180
\MPnumerator=\count148
\makeMPintoPDFobject=\count149
\everyMPtoPDFconversion=\toks40
) ABD: EveryShipout initializing macros
LaTeX Font Info:    Try loading font information for U+msa on input line 58.

(/usr/local/texlive/2015/texmf-dist/tex/latex/amsfonts/umsa.fd
File: umsa.fd 2013/01/14 v3.01 AMS symbols A
)
LaTeX Font Info:    Try loading font information for U+msb on input line 58.

(/usr/local/texlive/2015/texmf-dist/tex/latex/amsfonts/umsb.fd
File: umsb.fd 2013/01/14 v3.01 AMS symbols B
)
Overfull \hbox (11.7959pt too wide) in paragraph at lines 58--61
 \OT1/cmr/bx/n/10 1. In-tro-duc-tion.[] \OT1/cmr/m/n/10 Let $\OML/cmm/m/it/10 M
$ \OT1/cmr/m/n/10 be a com-pact $\OML/cmm/m/it/10 n$\OT1/cmr/m/n/10 -manifold w
ith lo-cal co-or-di-nates $\OML/cmm/m/it/10 x[]; [] ; x[]$
 []


Package xcolor Warning: Incompatible color definition on input line 67.


Package xcolor Warning: Incompatible color definition on input line 67.


Package xcolor Warning: Incompatible color definition on input line 68.


Package xcolor Warning: Incompatible color definition on input line 69.


Package xcolor Warning: Incompatible color definition on input line 69.


Package xcolor Warning: Incompatible color definition on input line 69.


LaTeX Warning: Citation `Oksendal2003' on page 1 undefined on input line 69.


Package xcolor Warning: Incompatible color definition on input line 71.


Package xcolor Warning: Incompatible color definition on input line 72.


Package xcolor Warning: Incompatible color definition on input line 73.


Package xcolor Warning: Incompatible color definition on input line 74.


Package xcolor Warning: Incompatible color definition on input line 76.


Package xcolor Warning: Incompatible color definition on input line 77.


Package xcolor Warning: Incompatible color definition on input line 78.


Package xcolor Warning: Incompatible color definition on input line 78.


Package xcolor Warning: Incompatible color definition on input line 78.


Package xcolor Warning: Incompatible color definition on input line 79.


Package xcolor Warning: Incompatible color definition on input line 79.


Package xcolor Warning: Incompatible color definition on input line 83.


Package xcolor Warning: Incompatible color definition on input line 83.


Package xcolor Warning: Incompatible color definition on input line 86.


Package xcolor Warning: Incompatible color definition on input line 86.


LaTeX Warning: Citation `Evans2010' on page 1 undefined on input line 87.


Package xcolor Warning: Incompatible color definition on input line 87.


Package xcolor Warning: Incompatible color definition on input line 87.


LaTeX Warning: Citation `Leveque1992' on page 1 undefined on input line 88.


Package xcolor Warning: Incompatible color definition on input line 89.


Package xcolor Warning: Incompatible color definition on input line 91.


Package xcolor Warning: Incompatible color definition on input line 91.

[1

{/usr/local/texlive/2015/texmf-var/fonts/map/pdftex/updmap/pdftex.map}]

Package xcolor Warning: Incompatible color definition on input line 93.


Package xcolor Warning: Incompatible color definition on input line 98.


Package xcolor Warning: Incompatible color definition on input line 99.


Package xcolor Warning: Incompatible color definition on input line 103.


Package xcolor Warning: Incompatible color definition on input line 103.


LaTeX Warning: Citation `Gottlieb1977numerical' on page 2 undefined on input li
ne 103.


Package xcolor Warning: Incompatible color definition on input line 105.


Package xcolor Warning: Incompatible color definition on input line 108.


Package xcolor Warning: Incompatible color definition on input line 108.


Package xcolor Warning: Incompatible color definition on input line 111.


Package xcolor Warning: Incompatible color definition on input line 111.


Package xcolor Warning: Incompatible color definition on input line 112.


Package xcolor Warning: Incompatible color definition on input line 112.


Package xcolor Warning: Incompatible color definition on input line 112.


Package xcolor Warning: Incompatible color definition on input line 112.


Package xcolor Warning: Incompatible color definition on input line 112.


Package xcolor Warning: Incompatible color definition on input line 112.


Package xcolor Warning: Incompatible color definition on input line 112.


Package xcolor Warning: Incompatible color definition on input line 113.


Package xcolor Warning: Incompatible color definition on input line 113.


Package xcolor Warning: Incompatible color definition on input line 113.


Package xcolor Warning: Incompatible color definition on input line 113.


Package xcolor Warning: Incompatible color definition on input line 114.


Package xcolor Warning: Incompatible color definition on input line 114.


Package xcolor Warning: Incompatible color definition on input line 119.


Package xcolor Warning: Incompatible color definition on input line 119.


Package xcolor Warning: Incompatible color definition on input line 119.


Package xcolor Warning: Incompatible color definition on input line 119.


Package xcolor Warning: Incompatible color definition on input line 120.


Package xcolor Warning: Incompatible color definition on input line 120.


Package xcolor Warning: Incompatible color definition on input line 123.


LaTeX Warning: Citation `Stewart2015' on page 2 undefined on input line 125.


Package xcolor Warning: Incompatible color definition on input line 126.


Package xcolor Warning: Incompatible color definition on input line 126.


Package xcolor Warning: Incompatible color definition on input line 127.


Package xcolor Warning: Incompatible color definition on input line 131.


Package xcolor Warning: Incompatible color definition on input line 131.


Package xcolor Warning: Incompatible color definition on input line 132.


Package xcolor Warning: Incompatible color definition on input line 132.


Package xcolor Warning: Incompatible color definition on input line 133.


Package xcolor Warning: Incompatible color definition on input line 133.


Package xcolor Warning: Incompatible color definition on input line 133.


Package xcolor Warning: Incompatible color definition on input line 133.


Package xcolor Warning: Incompatible color definition on input line 134.


Package xcolor Warning: Incompatible color definition on input line 134.


Package xcolor Warning: Incompatible color definition on input line 135.


Package xcolor Warning: Incompatible color definition on input line 135.


Package xcolor Warning: Incompatible color definition on input line 135.


Package xcolor Warning: Incompatible color definition on input line 136.


Package xcolor Warning: Incompatible color definition on input line 137.


Package xcolor Warning: Incompatible color definition on input line 137.


Package xcolor Warning: Incompatible color definition on input line 138.


Package xcolor Warning: Incompatible color definition on input line 138.


Package xcolor Warning: Incompatible color definition on input line 139.


Package xcolor Warning: Incompatible color definition on input line 140.

[2]

Package xcolor Warning: Incompatible color definition on input line 144.


Package xcolor Warning: Incompatible color definition on input line 144.


Package xcolor Warning: Incompatible color definition on input line 144.


Package xcolor Warning: Incompatible color definition on input line 144.


LaTeX Warning: Citation `Hebey1999' on page 3 undefined on input line 145.


Package xcolor Warning: Incompatible color definition on input line 146.


Package xcolor Warning: Incompatible color definition on input line 146.


Package xcolor Warning: Incompatible color definition on input line 148.


Package xcolor Warning: Incompatible color definition on input line 152.


Package xcolor Warning: Incompatible color definition on input line 157.


Package xcolor Warning: Incompatible color definition on input line 246.


Package xcolor Warning: Incompatible color definition on input line 246.


Package xcolor Warning: Incompatible color definition on input line 247.


Package xcolor Warning: Incompatible color definition on input line 248.


Package xcolor Warning: Incompatible color definition on input line 249.


Package xcolor Warning: Incompatible color definition on input line 250.


Package xcolor Warning: Incompatible color definition on input line 250.


Package xcolor Warning: Incompatible color definition on input line 251.


Package xcolor Warning: Incompatible color definition on input line 251.


Package xcolor Warning: Incompatible color definition on input line 253.


Package xcolor Warning: Incompatible color definition on input line 256.

[3]

Package xcolor Warning: Incompatible color definition on input line 287.


Package xcolor Warning: Incompatible color definition on input line 292.


Package xcolor Warning: Incompatible color definition on input line 299.


Package xcolor Warning: Incompatible color definition on input line 309.


Package xcolor Warning: Incompatible color definition on input line 311.


Package xcolor Warning: Incompatible color definition on input line 315.


Package xcolor Warning: Incompatible color definition on input line 315.


Package xcolor Warning: Incompatible color definition on input line 316.


Package xcolor Warning: Incompatible color definition on input line 316.


Package xcolor Warning: Incompatible color definition on input line 317.


Package xcolor Warning: Incompatible color definition on input line 317.


Package xcolor Warning: Incompatible color definition on input line 317.


Package xcolor Warning: Incompatible color definition on input line 319.


Package xcolor Warning: Incompatible color definition on input line 324.

[4]

Package xcolor Warning: Incompatible color definition on input line 326.


Package xcolor Warning: Incompatible color definition on input line 335.


Package xcolor Warning: Incompatible color definition on input line 335.


Package xcolor Warning: Incompatible color definition on input line 336.


Package xcolor Warning: Incompatible color definition on input line 336.


Package xcolor Warning: Incompatible color definition on input line 337.


Package xcolor Warning: Incompatible color definition on input line 337.


Package xcolor Warning: Incompatible color definition on input line 338.


Package xcolor Warning: Incompatible color definition on input line 363.


Overfull \hbox (7.90704pt too wide) in paragraph at lines 369--374
[]\OT1/cmr/m/sc/10 Definition 3.1. []\OT1/cmr/m/it/10 A half-density is a smoot
h complex-valued func-tion $\OML/cmm/m/it/10   \OT1/cmr/m/n/10 : [][] \OML/cmm/
m/it/10 TM \OMS/cmsy/m/n/10 !
 []


Package xcolor Warning: Incompatible color definition on input line 376.


Package xcolor Warning: Incompatible color definition on input line 380.


Package xcolor Warning: Incompatible color definition on input line 380.

[5]

Package xcolor Warning: Incompatible color definition on input line 412.


Package xcolor Warning: Incompatible color definition on input line 412.


Package xcolor Warning: Incompatible color definition on input line 423.


Package xcolor Warning: Incompatible color definition on input line 423.


Package xcolor Warning: Incompatible color definition on input line 424.


Package xcolor Warning: Incompatible color definition on input line 425.


Package xcolor Warning: Incompatible color definition on input line 432.


Package xcolor Warning: Incompatible color definition on input line 433.


Package xcolor Warning: Incompatible color definition on input line 442.

[6]

Package xcolor Warning: Incompatible color definition on input line 448.


Package xcolor Warning: Incompatible color definition on input line 457.


Package xcolor Warning: Incompatible color definition on input line 477.

[7]

Package xcolor Warning: Incompatible color definition on input line 529.


LaTeX Warning: Citation `Hebey1999' on page 8 undefined on input line 536.


LaTeX Warning: Citation `Hebey1999' on page 8 undefined on input line 538.


Package xcolor Warning: Incompatible color definition on input line 542.


Package xcolor Warning: Incompatible color definition on input line 559.


Package xcolor Warning: Incompatible color definition on input line 566.


LaTeX Warning: Citation `Dirac2013' on page 8 undefined on input line 566.


Package xcolor Warning: Incompatible color definition on input line 566.


Package xcolor Warning: Incompatible color definition on input line 567.


Package xcolor Warning: Incompatible color definition on input line 567.


Package xcolor Warning: Incompatible color definition on input line 568.

[8]

Package xcolor Warning: Incompatible color definition on input line 613.


Package xcolor Warning: Incompatible color definition on input line 613.

LaTeX Font Info:    Try loading font information for U+euf on input line 616.
(/usr/local/texlive/2015/texmf-dist/tex/latex/amsfonts/ueuf.fd
File: ueuf.fd 2013/01/14 v3.01 Euler Fraktur
)

Package xcolor Warning: Incompatible color definition on input line 617.


Package xcolor Warning: Incompatible color definition on input line 626.


Package xcolor Warning: Incompatible color definition on input line 627.


Package xcolor Warning: Incompatible color definition on input line 627.


Package xcolor Warning: Incompatible color definition on input line 627.


Package xcolor Warning: Incompatible color definition on input line 631.


Package xcolor Warning: Incompatible color definition on input line 637.


Package xcolor Warning: Incompatible color definition on input line 642.


Package xcolor Warning: Incompatible color definition on input line 645.


Package xcolor Warning: Incompatible color definition on input line 645.

[9]

Package xcolor Warning: Incompatible color definition on input line 669.


Package xcolor Warning: Incompatible color definition on input line 680.


Package xcolor Warning: Incompatible color definition on input line 680.


Package xcolor Warning: Incompatible color definition on input line 680.


Package xcolor Warning: Incompatible color definition on input line 680.


Package xcolor Warning: Incompatible color definition on input line 776.


Package xcolor Warning: Incompatible color definition on input line 776.


Package xcolor Warning: Incompatible color definition on input line 787.


Package xcolor Warning: Incompatible color definition on input line 787.


LaTeX Warning: Citation `Gottlieb1977numerical' on page 10 undefined on input l
ine 789.


Package xcolor Warning: Incompatible color definition on input line 791.


Package xcolor Warning: Incompatible color definition on input line 792.


Package xcolor Warning: Incompatible color definition on input line 792.


Package xcolor Warning: Incompatible color definition on input line 792.


Package xcolor Warning: Incompatible color definition on input line 794.


Package xcolor Warning: Incompatible color definition on input line 794.


Package xcolor Warning: Incompatible color definition on input line 794.


Package xcolor Warning: Incompatible color definition on input line 794.


Package xcolor Warning: Incompatible color definition on input line 794.


Package xcolor Warning: Incompatible color definition on input line 794.


Package xcolor Warning: Incompatible color definition on input line 810.


Package xcolor Warning: Incompatible color definition on input line 813.


Package xcolor Warning: Incompatible color definition on input line 813.


Package xcolor Warning: Incompatible color definition on input line 815.


Package xcolor Warning: Incompatible color definition on input line 815.


Package xcolor Warning: Incompatible color definition on input line 816.


Package xcolor Warning: Incompatible color definition on input line 819.


Package xcolor Warning: Incompatible color definition on input line 819.


Package xcolor Warning: Incompatible color definition on input line 819.


Package xcolor Warning: Incompatible color definition on input line 822.

[10]

Package xcolor Warning: Incompatible color definition on input line 830.


Package xcolor Warning: Incompatible color definition on input line 830.


Package xcolor Warning: Incompatible color definition on input line 830.


Package xcolor Warning: Incompatible color definition on input line 831.


Package xcolor Warning: Incompatible color definition on input line 833.


Package xcolor Warning: Incompatible color definition on input line 839.


Package xcolor Warning: Incompatible color definition on input line 842.


Package xcolor Warning: Incompatible color definition on input line 842.


Package xcolor Warning: Incompatible color definition on input line 842.


Package xcolor Warning: Incompatible color definition on input line 843.


Package xcolor Warning: Incompatible color definition on input line 846.


Package xcolor Warning: Incompatible color definition on input line 846.


Package xcolor Warning: Incompatible color definition on input line 852.


Package xcolor Warning: Incompatible color definition on input line 854.


Package xcolor Warning: Incompatible color definition on input line 858.


Package xcolor Warning: Incompatible color definition on input line 859.


Package xcolor Warning: Incompatible color definition on input line 859.


Overfull \hbox (3.90228pt too wide) in paragraph at lines 857--861
[]\OT1/cmr/m/n/10 Alternatively, we could have con-sid-ered the trace-class op-
er-a-tor $\OML/cmm/m/it/10 A[]\OT1/cmr/m/n/10 (\OML/cmm/m/it/10 t[]\OT1/cmr/m/n
/10 ) = \OML/cmm/m/it/10  []\OT1/cmr/m/n/10 (\OML/cmm/m/it/10 t[]\OT1/cmr/m/n/1
0 ) \OMS/cmsy/m/n/10 

 []


Package xcolor Warning: Incompatible color definition on input line 873.

[11]

Package xcolor Warning: Incompatible color definition on input line 876.


Package xcolor Warning: Incompatible color definition on input line 876.


Package xcolor Warning: Incompatible color definition on input line 876.


Package xcolor Warning: Incompatible color definition on input line 876.


Package xcolor Warning: Incompatible color definition on input line 877.


Package xcolor Warning: Incompatible color definition on input line 881.


Package xcolor Warning: Incompatible color definition on input line 882.


Package xcolor Warning: Incompatible color definition on input line 886.


Package xcolor Warning: Incompatible color definition on input line 919.


Package xcolor Warning: Incompatible color definition on input line 919.


Package xcolor Warning: Incompatible color definition on input line 919.


Package xcolor Warning: Incompatible color definition on input line 920.


Package xcolor Warning: Incompatible color definition on input line 921.


Package xcolor Warning: Incompatible color definition on input line 921.


Package xcolor Warning: Incompatible color definition on input line 935.


Package xcolor Warning: Incompatible color definition on input line 942.


Package xcolor Warning: Incompatible color definition on input line 943.

[12]

Package xcolor Warning: Incompatible color definition on input line 958.


Package xcolor Warning: Incompatible color definition on input line 963.


Package xcolor Warning: Incompatible color definition on input line 965.


Package xcolor Warning: Incompatible color definition on input line 978.


Package xcolor Warning: Incompatible color definition on input line 990.


Package xcolor Warning: Incompatible color definition on input line 992.


Package xcolor Warning: Incompatible color definition on input line 1001.


Package xcolor Warning: Incompatible color definition on input line 1002.


Package xcolor Warning: Incompatible color definition on input line 1010.


Package xcolor Warning: Incompatible color definition on input line 1011.


Package xcolor Warning: Incompatible color definition on input line 1015.


Package xcolor Warning: Incompatible color definition on input line 1019.


Package xcolor Warning: Incompatible color definition on input line 1019.


Package xcolor Warning: Incompatible color definition on input line 1024.


Package xcolor Warning: Incompatible color definition on input line 1025.

[13]

Package xcolor Warning: Incompatible color definition on input line 1030.


Package xcolor Warning: Incompatible color definition on input line 1035.


Package xcolor Warning: Incompatible color definition on input line 1045.


Package xcolor Warning: Incompatible color definition on input line 1046.


Package xcolor Warning: Incompatible color definition on input line 1050.


Package xcolor Warning: Incompatible color definition on input line 1050.


Package xcolor Warning: Incompatible color definition on input line 1050.


Package xcolor Warning: Incompatible color definition on input line 1050.


Package xcolor Warning: Incompatible color definition on input line 1060.


Package xcolor Warning: Incompatible color definition on input line 1071.


Package xcolor Warning: Incompatible color definition on input line 1076.


Package xcolor Warning: Incompatible color definition on input line 1077.

[14]

Package xcolor Warning: Incompatible color definition on input line 1083.


Package xcolor Warning: Incompatible color definition on input line 1083.


Package xcolor Warning: Incompatible color definition on input line 1091.


Package xcolor Warning: Incompatible color definition on input line 1095.


Package xcolor Warning: Incompatible color definition on input line 1108.


Package xcolor Warning: Incompatible color definition on input line 1110.


Package xcolor Warning: Incompatible color definition on input line 1110.


Package xcolor Warning: Incompatible color definition on input line 1111.


Package xcolor Warning: Incompatible color definition on input line 1120.


Package xcolor Warning: Incompatible color definition on input line 1125.


Package xcolor Warning: Incompatible color definition on input line 1135.


Package xcolor Warning: Incompatible color definition on input line 1135.


Package xcolor Warning: Incompatible color definition on input line 1135.


Package xcolor Warning: Incompatible color definition on input line 1138.


Package xcolor Warning: Incompatible color definition on input line 1138.


Package xcolor Warning: Incompatible color definition on input line 1138.


Package xcolor Warning: Incompatible color definition on input line 1139.


Package xcolor Warning: Incompatible color definition on input line 1139.


Package xcolor Warning: Incompatible color definition on input line 1139.

[15]

Package xcolor Warning: Incompatible color definition on input line 1149.


Package xcolor Warning: Incompatible color definition on input line 1163.


Package xcolor Warning: Incompatible color definition on input line 1164.


Package xcolor Warning: Incompatible color definition on input line 1165.


Package xcolor Warning: Incompatible color definition on input line 1165.


Package xcolor Warning: Incompatible color definition on input line 1173.


Package xcolor Warning: Incompatible color definition on input line 1174.


Package xcolor Warning: Incompatible color definition on input line 1182.


Package xcolor Warning: Incompatible color definition on input line 1195.


Package xcolor Warning: Incompatible color definition on input line 1198.


Package xcolor Warning: Incompatible color definition on input line 1198.


Package xcolor Warning: Incompatible color definition on input line 1199.


Package xcolor Warning: Incompatible color definition on input line 1199.

[16]
Overfull \hbox (13.74724pt too wide) in paragraph at lines 1209--1209
[] 
 []


Package xcolor Warning: Incompatible color definition on input line 1210.


Package xcolor Warning: Incompatible color definition on input line 1210.


Overfull \hbox (2.08055pt too wide) in paragraph at lines 1216--1217
 \OT1/cmr/bx/n/10 8. Nu-mer-i-cal Ex-per-i-ments.[] \OT1/cmr/m/n/10 This sec-ti
on de-scribes two nu-mer-i-cal ex-per-i-ments.
 []


Package xcolor Warning: Incompatible color definition on input line 1225.


Package xcolor Warning: Incompatible color definition on input line 1229.


Package xcolor Warning: Incompatible color definition on input line 1230.


Package xcolor Warning: Incompatible color definition on input line 1230.


Package xcolor Warning: Incompatible color definition on input line 1230.


Package xcolor Warning: Incompatible color definition on input line 1230.


Package xcolor Warning: Incompatible color definition on input line 1230.


Package xcolor Warning: Incompatible color definition on input line 1230.

<./images/exact_1D.pdf, id=533, 578.16pt x 433.62pt>
File: ./images/exact_1D.pdf Graphic file (type pdf)

<use ./images/exact_1D.pdf>
Package pdftex.def Info: ./images/exact_1D.pdf used on input line 1235.
(pdftex.def)             Requested size: 120.00371pt x 89.99762pt.

<./images/standard_spectral_1D.pdf, id=534, 578.16pt x 433.62pt>
File: ./images/standard_spectral_1D.pdf Graphic file (type pdf)

<use ./images/standard_spectral_1D.pdf>
Package pdftex.def Info: ./images/standard_spectral_1D.pdf used on input line 1
241.
(pdftex.def)             Requested size: 120.00371pt x 89.99762pt.

<./images/gn_spectral_1D.pdf, id=535, 578.16pt x 433.62pt>
File: ./images/gn_spectral_1D.pdf Graphic file (type pdf)

<use ./images/gn_spectral_1D.pdf>
Package pdftex.def Info: ./images/gn_spectral_1D.pdf used on input line 1247.
(pdftex.def)             Requested size: 120.00371pt x 89.99762pt.


Package xcolor Warning: Incompatible color definition on input line 1248.


Package xcolor Warning: Incompatible color definition on input line 1248.


Package xcolor Warning: Incompatible color definition on input line 1251.


Package xcolor Warning: Incompatible color definition on input line 1251.


Package xcolor Warning: Incompatible color definition on input line 1251.


Package xcolor Warning: Incompatible color definition on input line 1251.


Package xcolor Warning: Incompatible color definition on input line 1255.


Package xcolor Warning: Incompatible color definition on input line 1258.


Package xcolor Warning: Incompatible color definition on input line 1258.


Package xcolor Warning: Incompatible color definition on input line 1259.


Package xcolor Warning: Incompatible color definition on input line 1260.


Package xcolor Warning: Incompatible color definition on input line 1261.


Package xcolor Warning: Incompatible color definition on input line 1262.

[17 <./images/exact_1D.pdf> <./images/standard_spectral_1D.pdf

pdfTeX warning: /Library/TeX/texbin/pdflatex (file ./images/standard_spectral_1
D.pdf): PDF inclusion: multiple pdfs with page group included in a single page
> <./images/gn_spectral_1D.pdf

pdfTeX warning: /Library/TeX/texbin/pdflatex (file ./images/gn_spectral_1D.pdf)
: PDF inclusion: multiple pdfs with page group included in a single page
>] <./images/L1_plot.pdf, id=595, 548.34862pt x 335.15211pt>
File: ./images/L1_plot.pdf Graphic file (type pdf)

<use ./images/L1_plot.pdf>
Package pdftex.def Info: ./images/L1_plot.pdf used on input line 1267.
(pdftex.def)             Requested size: 370.38374pt x 226.37645pt.


Package xcolor Warning: Incompatible color definition on input line 1268.


Package xcolor Warning: Incompatible color definition on input line 1268.


Package xcolor Warning: Incompatible color definition on input line 1268.


Package xcolor Warning: Incompatible color definition on input line 1268.

<./images/convergence_plot.pdf, id=600, 532.99126pt x 204.16275pt>
File: ./images/convergence_plot.pdf Graphic file (type pdf)

<use ./images/convergence_plot.pdf>
Package pdftex.def Info: ./images/convergence_plot.pdf used on input line 1275.

(pdftex.def)             Requested size: 333.3431pt x 127.69174pt.


Package xcolor Warning: Incompatible color definition on input line 1276.


Package xcolor Warning: Incompatible color definition on input line 1276.


Package xcolor Warning: Incompatible color definition on input line 1330.


Package xcolor Warning: Incompatible color definition on input line 1331.


Package xcolor Warning: Incompatible color definition on input line 1333.

[18 <./images/L1_plot.pdf> <./images/convergence_plot.pdf

pdfTeX warning: /Library/TeX/texbin/pdflatex (file ./images/convergence_plot.pd
f): PDF inclusion: multiple pdfs with page group included in a single page
>]

Package xcolor Warning: Incompatible color definition on input line 1338.


Package xcolor Warning: Incompatible color definition on input line 1342.


Package xcolor Warning: Incompatible color definition on input line 1343.


Package xcolor Warning: Incompatible color definition on input line 1343.


Package xcolor Warning: Incompatible color definition on input line 1345.


Package xcolor Warning: Incompatible color definition on input line 1347.


Package xcolor Warning: Incompatible color definition on input line 1348.


Package xcolor Warning: Incompatible color definition on input line 1349.


Package xcolor Warning: Incompatible color definition on input line 1349.


Package xcolor Warning: Incompatible color definition on input line 1351.

<./images/function_plots/discrepancy.pdf, id=673, 1628.78508pt x 309.85764pt>
File: ./images/function_plots/discrepancy.pdf Graphic file (type pdf)

<use ./images/function_plots/discrepancy.pdf>
Package pdftex.def Info: ./images/function_plots/discrepancy.pdf used on input 
line 1355.
(pdftex.def)             Requested size: 425.93904pt x 81.02914pt.

Overfull \hbox (23.6343pt too wide) in paragraph at lines 1354--1357
[]|  [] 
 []


Package xcolor Warning: Incompatible color definition on input line 1357.


Package xcolor Warning: Incompatible color definition on input line 1357.

<./images/L_inf_plot.pdf, id=676, 480.59549pt x 339.66899pt>
File: ./images/L_inf_plot.pdf Graphic file (type pdf)

<use ./images/L_inf_plot.pdf>
Package pdftex.def Info: ./images/L_inf_plot.pdf used on input line 1364.
(pdftex.def)             Requested size: 296.30812pt x 209.41606pt.


Package xcolor Warning: Incompatible color definition on input line 1365.


Package xcolor Warning: Incompatible color definition on input line 1365.


Package xcolor Warning: Incompatible color definition on input line 1365.


Package xcolor Warning: Incompatible color definition on input line 1365.


LaTeX Warning: `!h' float specifier changed to `!ht'.


LaTeX Warning: Citation `ArnoldKhesin1992' on page 19 undefined on input line 1
466.


Package xcolor Warning: Incompatible color definition on input line 1467.


Package xcolor Warning: Incompatible color definition on input line 1468.


Package xcolor Warning: Incompatible color definition on input line 1468.


Package xcolor Warning: Incompatible color definition on input line 1468.


Package xcolor Warning: Incompatible color definition on input line 1468.

[19 <./images/function_plots/discrepancy.pdf>]

Package xcolor Warning: Incompatible color definition on input line 1486.


Package xcolor Warning: Incompatible color definition on input line 1486.


Package xcolor Warning: Incompatible color definition on input line 1487.


Package xcolor Warning: Incompatible color definition on input line 1488.


Package xcolor Warning: Incompatible color definition on input line 1490.


Package xcolor Warning: Incompatible color definition on input line 1491.

<./images/ABCD_flow.png, id=722, 609.9588pt x 311.4837pt>
File: ./images/ABCD_flow.png Graphic file (type png)

<use ./images/ABCD_flow.png>
Package pdftex.def Info: ./images/ABCD_flow.png used on input line 1495.
(pdftex.def)             Requested size: 370.38374pt x 189.14452pt.


Package xcolor Warning: Incompatible color definition on input line 1497.


Package xcolor Warning: Incompatible color definition on input line 1497.


Package xcolor Warning: Incompatible color definition on input line 1497.


Package xcolor Warning: Incompatible color definition on input line 1497.


LaTeX Warning: `!h' float specifier changed to `!ht'.


Package xcolor Warning: Incompatible color definition on input line 1535.


Package xcolor Warning: Incompatible color definition on input line 1535.


Package xcolor Warning: Incompatible color definition on input line 1539.


Package xcolor Warning: Incompatible color definition on input line 1539.

[20 <./images/L_inf_plot.pdf>] (./JacVas2015_SIADS.bbl [21 <./images/ABCD_flow.
png>]
Underfull \hbox (badness 3895) in paragraph at lines 104--109
\OT1/cmr/m/it/8 Does ev-ery com-pact man-i-fold ex-hibit an al-most global char
t\OT1/cmr/m/n/8 .  Math-Over-flow.
 []


Underfull \vbox (badness 10000) has occurred while \output is active []

 [22])
[23]
Package atveryend Info: Empty hook `BeforeClearDocument' on input line 1613.
Package atveryend Info: Empty hook `AfterLastShipout' on input line 1613.
 (./JacVas2015_SIADS.aux)
Package atveryend Info: Executing hook `AtVeryEndDocument' on input line 1613.
Package atveryend Info: Executing hook `AtEndAfterFileList' on input line 1613.

Package rerunfilecheck Info: File `JacVas2015_SIADS.out' has not changed.
(rerunfilecheck)             Checksum: D41D8CD98F00B204E9800998ECF8427E;0.


LaTeX Warning: There were undefined references.


LaTeX Warning: Label(s) may have changed. Rerun to get cross-references right.

Package atveryend Info: Empty hook `AtVeryVeryEnd' on input line 1613.
 ) 
Here is how much of TeX's memory you used:
 19360 strings out of 493089
 353863 string characters out of 6134842
 441669 words of memory out of 5000000
 22324 multiletter control sequences out of 15000+600000
 12882 words of font info for 49 fonts, out of 8000000 for 9000
 1141 hyphenation exceptions out of 8191
 62i,18n,75p,566b,570s stack positions out of 5000i,500n,10000p,200000b,80000s
</usr/local/texlive/2015/texmf-dist/fonts/type1/public/amsfonts/cm/cmbx10.pfb
></usr/local/texlive/2015/texmf-dist/fonts/type1/public/amsfonts/cm/cmbx8.pfb><
/usr/local/texlive/2015/texmf-dist/fonts/type1/public/amsfonts/cm/cmcsc10.pfb><
/usr/local/texlive/2015/texmf-dist/fonts/type1/public/amsfonts/cm/cmex10.pfb></
usr/local/texlive/2015/texmf-dist/fonts/type1/public/amsfonts/cmextra/cmex8.pfb
></usr/local/texlive/2015/texmf-dist/fonts/type1/public/amsfonts/cm/cmmi10.pfb>
</usr/local/texlive/2015/texmf-dist/fonts/type1/public/amsfonts/cm/cmmi5.pfb></
usr/local/texlive/2015/texmf-dist/fonts/type1/public/amsfonts/cm/cmmi6.pfb></us
r/local/texlive/2015/texmf-dist/fonts/type1/public/amsfonts/cm/cmmi7.pfb></usr/
local/texlive/2015/texmf-dist/fonts/type1/public/amsfonts/cm/cmmi8.pfb></usr/lo
cal/texlive/2015/texmf-dist/fonts/type1/public/amsfonts/cm/cmr10.pfb></usr/loca
l/texlive/2015/texmf-dist/fonts/type1/public/amsfonts/cm/cmr5.pfb></usr/local/t
exlive/2015/texmf-dist/fonts/type1/public/amsfonts/cm/cmr6.pfb></usr/local/texl
ive/2015/texmf-dist/fonts/type1/public/amsfonts/cm/cmr7.pfb></usr/local/texlive
/2015/texmf-dist/fonts/type1/public/amsfonts/cm/cmr8.pfb></usr/local/texlive/20
15/texmf-dist/fonts/type1/public/amsfonts/cm/cmr9.pfb></usr/local/texlive/2015/
texmf-dist/fonts/type1/public/amsfonts/cm/cmsy10.pfb></usr/local/texlive/2015/t
exmf-dist/fonts/type1/public/amsfonts/cm/cmsy5.pfb></usr/local/texlive/2015/tex
mf-dist/fonts/type1/public/amsfonts/cm/cmsy7.pfb></usr/local/texlive/2015/texmf
-dist/fonts/type1/public/amsfonts/cm/cmsy8.pfb></usr/local/texlive/2015/texmf-d
ist/fonts/type1/public/amsfonts/cm/cmti10.pfb></usr/local/texlive/2015/texmf-di
st/fonts/type1/public/amsfonts/cm/cmti8.pfb></usr/local/texlive/2015/texmf-dist
/fonts/type1/public/amsfonts/euler/eufm10.pfb></usr/local/texlive/2015/texmf-di
st/fonts/type1/public/amsfonts/symbols/msbm10.pfb>
Output written on JacVas2015_SIADS.pdf (23 pages, 524289 bytes).
PDF statistics:
 897 PDF objects out of 1000 (max. 8388607)
 739 compressed objects within 8 object streams
 187 named destinations out of 1000 (max. 500000)
 53 words of extra memory for PDF output out of 10000 (max. 10000000)

